  GameManager.cpp
  Note: including file: C:\Users\tingy\Desktop\Programming\OpenGL\OpenGL_Startup\OpenGL_Startup\OpenGL_Startup\OpenGL_Startup\GameManager.h
  Note: including file:  C:\Program Files\Microsoft Visual Studio\2022\Community\VC\Tools\MSVC\14.34.31933\include\iostream
  Note: including file:   C:\Program Files\Microsoft Visual Studio\2022\Community\VC\Tools\MSVC\14.34.31933\include\yvals_core.h
  Note: including file:    C:\Program Files\Microsoft Visual Studio\2022\Community\VC\Tools\MSVC\14.34.31933\include\vcruntime.h
  Note: including file:     C:\Program Files\Microsoft Visual Studio\2022\Community\VC\Tools\MSVC\14.34.31933\include\sal.h
  Note: including file:      C:\Program Files\Microsoft Visual Studio\2022\Community\VC\Tools\MSVC\14.34.31933\include\concurrencysal.h
  Note: including file:     C:\Program Files\Microsoft Visual Studio\2022\Community\VC\Tools\MSVC\14.34.31933\include\vadefs.h
  Note: including file:    C:\Program Files\Microsoft Visual Studio\2022\Community\VC\Tools\MSVC\14.34.31933\include\xkeycheck.h
  Note: including file:   C:\Program Files\Microsoft Visual Studio\2022\Community\VC\Tools\MSVC\14.34.31933\include\istream
  Note: including file:    C:\Program Files\Microsoft Visual Studio\2022\Community\VC\Tools\MSVC\14.34.31933\include\ostream
  Note: including file:     C:\Program Files\Microsoft Visual Studio\2022\Community\VC\Tools\MSVC\14.34.31933\include\ios
  Note: including file:      C:\Program Files\Microsoft Visual Studio\2022\Community\VC\Tools\MSVC\14.34.31933\include\xlocnum
  Note: including file:       C:\Program Files\Microsoft Visual Studio\2022\Community\VC\Tools\MSVC\14.34.31933\include\climits
  Note: including file:        C:\Program Files\Microsoft Visual Studio\2022\Community\VC\Tools\MSVC\14.34.31933\include\limits.h
  Note: including file:       C:\Program Files\Microsoft Visual Studio\2022\Community\VC\Tools\MSVC\14.34.31933\include\cmath
  Note: including file:        C:\Program Files\Microsoft Visual Studio\2022\Community\VC\Tools\MSVC\14.34.31933\include\yvals.h
  Note: including file:         C:\Program Files (x86)\Windows Kits\10\Include\10.0.22000.0\ucrt\crtdbg.h
  Note: including file:          C:\Program Files (x86)\Windows Kits\10\Include\10.0.22000.0\ucrt\corecrt.h
  Note: including file:          C:\Program Files\Microsoft Visual Studio\2022\Community\VC\Tools\MSVC\14.34.31933\include\vcruntime_new_debug.h
  Note: including file:           C:\Program Files\Microsoft Visual Studio\2022\Community\VC\Tools\MSVC\14.34.31933\include\vcruntime_new.h
  Note: including file:         C:\Program Files\Microsoft Visual Studio\2022\Community\VC\Tools\MSVC\14.34.31933\include\crtdefs.h
  Note: including file:         C:\Program Files\Microsoft Visual Studio\2022\Community\VC\Tools\MSVC\14.34.31933\include\use_ansi.h
  Note: including file:        C:\Program Files\Microsoft Visual Studio\2022\Community\VC\Tools\MSVC\14.34.31933\include\cstdlib
  Note: including file:         C:\Program Files (x86)\Windows Kits\10\Include\10.0.22000.0\ucrt\math.h
  Note: including file:          C:\Program Files (x86)\Windows Kits\10\Include\10.0.22000.0\ucrt\corecrt_math.h
  Note: including file:         C:\Program Files (x86)\Windows Kits\10\Include\10.0.22000.0\ucrt\stdlib.h
  Note: including file:          C:\Program Files (x86)\Windows Kits\10\Include\10.0.22000.0\ucrt\corecrt_malloc.h
  Note: including file:          C:\Program Files (x86)\Windows Kits\10\Include\10.0.22000.0\ucrt\corecrt_search.h
  Note: including file:           C:\Program Files (x86)\Windows Kits\10\Include\10.0.22000.0\ucrt\stddef.h
  Note: including file:          C:\Program Files (x86)\Windows Kits\10\Include\10.0.22000.0\ucrt\corecrt_wstdlib.h
  Note: including file:        C:\Program Files\Microsoft Visual Studio\2022\Community\VC\Tools\MSVC\14.34.31933\include\xtr1common
  Note: including file:        C:\Program Files\Microsoft Visual Studio\2022\Community\VC\Tools\MSVC\14.34.31933\include\intrin0.h
  Note: including file:         C:\Program Files\Microsoft Visual Studio\2022\Community\VC\Tools\MSVC\14.34.31933\include\intrin0.inl.h
  Note: including file:       C:\Program Files\Microsoft Visual Studio\2022\Community\VC\Tools\MSVC\14.34.31933\include\cstdio
  Note: including file:        C:\Program Files (x86)\Windows Kits\10\Include\10.0.22000.0\ucrt\stdio.h
  Note: including file:         C:\Program Files (x86)\Windows Kits\10\Include\10.0.22000.0\ucrt\corecrt_wstdio.h
  Note: including file:          C:\Program Files (x86)\Windows Kits\10\Include\10.0.22000.0\ucrt\corecrt_stdio_config.h
  Note: including file:       C:\Program Files\Microsoft Visual Studio\2022\Community\VC\Tools\MSVC\14.34.31933\include\iterator
  Note: including file:        C:\Program Files\Microsoft Visual Studio\2022\Community\VC\Tools\MSVC\14.34.31933\include\iosfwd
  Note: including file:         C:\Program Files\Microsoft Visual Studio\2022\Community\VC\Tools\MSVC\14.34.31933\include\cstring
  Note: including file:          C:\Program Files (x86)\Windows Kits\10\Include\10.0.22000.0\ucrt\string.h
  Note: including file:           C:\Program Files (x86)\Windows Kits\10\Include\10.0.22000.0\ucrt\corecrt_memory.h
  Note: including file:            C:\Program Files (x86)\Windows Kits\10\Include\10.0.22000.0\ucrt\corecrt_memcpy_s.h
  Note: including file:             C:\Program Files (x86)\Windows Kits\10\Include\10.0.22000.0\ucrt\errno.h
  Note: including file:             C:\Program Files\Microsoft Visual Studio\2022\Community\VC\Tools\MSVC\14.34.31933\include\vcruntime_string.h
  Note: including file:           C:\Program Files (x86)\Windows Kits\10\Include\10.0.22000.0\ucrt\corecrt_wstring.h
  Note: including file:         C:\Program Files\Microsoft Visual Studio\2022\Community\VC\Tools\MSVC\14.34.31933\include\cwchar
  Note: including file:          C:\Program Files (x86)\Windows Kits\10\Include\10.0.22000.0\ucrt\wchar.h
  Note: including file:           C:\Program Files (x86)\Windows Kits\10\Include\10.0.22000.0\ucrt\corecrt_wconio.h
  Note: including file:           C:\Program Files (x86)\Windows Kits\10\Include\10.0.22000.0\ucrt\corecrt_wctype.h
  Note: including file:           C:\Program Files (x86)\Windows Kits\10\Include\10.0.22000.0\ucrt\corecrt_wdirect.h
  Note: including file:           C:\Program Files (x86)\Windows Kits\10\Include\10.0.22000.0\ucrt\corecrt_wio.h
  Note: including file:            C:\Program Files (x86)\Windows Kits\10\Include\10.0.22000.0\ucrt\corecrt_share.h
  Note: including file:           C:\Program Files (x86)\Windows Kits\10\Include\10.0.22000.0\ucrt\corecrt_wprocess.h
  Note: including file:           C:\Program Files (x86)\Windows Kits\10\Include\10.0.22000.0\ucrt\corecrt_wtime.h
  Note: including file:           C:\Program Files (x86)\Windows Kits\10\Include\10.0.22000.0\ucrt\sys/stat.h
  Note: including file:            C:\Program Files (x86)\Windows Kits\10\Include\10.0.22000.0\ucrt\sys/types.h
  Note: including file:         C:\Program Files\Microsoft Visual Studio\2022\Community\VC\Tools\MSVC\14.34.31933\include\xstddef
  Note: including file:          C:\Program Files\Microsoft Visual Studio\2022\Community\VC\Tools\MSVC\14.34.31933\include\cstddef
  Note: including file:          C:\Program Files\Microsoft Visual Studio\2022\Community\VC\Tools\MSVC\14.34.31933\include\initializer_list
  Note: including file:        C:\Program Files\Microsoft Visual Studio\2022\Community\VC\Tools\MSVC\14.34.31933\include\xutility
  Note: including file:         C:\Program Files\Microsoft Visual Studio\2022\Community\VC\Tools\MSVC\14.34.31933\include\__msvc_iter_core.hpp
  Note: including file:          C:\Program Files\Microsoft Visual Studio\2022\Community\VC\Tools\MSVC\14.34.31933\include\utility
  Note: including file:           C:\Program Files\Microsoft Visual Studio\2022\Community\VC\Tools\MSVC\14.34.31933\include\type_traits
  Note: including file:            C:\Program Files\Microsoft Visual Studio\2022\Community\VC\Tools\MSVC\14.34.31933\include\cstdint
  Note: including file:             C:\Program Files\Microsoft Visual Studio\2022\Community\VC\Tools\MSVC\14.34.31933\include\stdint.h
  Note: including file:       C:\Program Files\Microsoft Visual Studio\2022\Community\VC\Tools\MSVC\14.34.31933\include\streambuf
  Note: including file:        C:\Program Files\Microsoft Visual Studio\2022\Community\VC\Tools\MSVC\14.34.31933\include\xiosbase
  Note: including file:         C:\Program Files (x86)\Windows Kits\10\Include\10.0.22000.0\ucrt\share.h
  Note: including file:         C:\Program Files\Microsoft Visual Studio\2022\Community\VC\Tools\MSVC\14.34.31933\include\system_error
  Note: including file:          C:\Program Files\Microsoft Visual Studio\2022\Community\VC\Tools\MSVC\14.34.31933\include\__msvc_system_error_abi.hpp
  Note: including file:          C:\Program Files\Microsoft Visual Studio\2022\Community\VC\Tools\MSVC\14.34.31933\include\cerrno
  Note: including file:          C:\Program Files\Microsoft Visual Studio\2022\Community\VC\Tools\MSVC\14.34.31933\include\stdexcept
  Note: including file:           C:\Program Files\Microsoft Visual Studio\2022\Community\VC\Tools\MSVC\14.34.31933\include\exception
  Note: including file:            C:\Program Files (x86)\Windows Kits\10\Include\10.0.22000.0\ucrt\malloc.h
  Note: including file:            C:\Program Files\Microsoft Visual Studio\2022\Community\VC\Tools\MSVC\14.34.31933\include\vcruntime_exception.h
  Note: including file:             C:\Program Files\Microsoft Visual Studio\2022\Community\VC\Tools\MSVC\14.34.31933\include\eh.h
  Note: including file:              C:\Program Files (x86)\Windows Kits\10\Include\10.0.22000.0\ucrt\corecrt_terminate.h
  Note: including file:           C:\Program Files\Microsoft Visual Studio\2022\Community\VC\Tools\MSVC\14.34.31933\include\xstring
  Note: including file:            C:\Program Files\Microsoft Visual Studio\2022\Community\VC\Tools\MSVC\14.34.31933\include\xmemory
  Note: including file:             C:\Program Files\Microsoft Visual Studio\2022\Community\VC\Tools\MSVC\14.34.31933\include\limits
  Note: including file:              C:\Program Files\Microsoft Visual Studio\2022\Community\VC\Tools\MSVC\14.34.31933\include\cfloat
  Note: including file:               C:\Program Files (x86)\Windows Kits\10\Include\10.0.22000.0\ucrt\float.h
  Note: including file:              C:\Program Files\Microsoft Visual Studio\2022\Community\VC\Tools\MSVC\14.34.31933\include\isa_availability.h
  Note: including file:             C:\Program Files\Microsoft Visual Studio\2022\Community\VC\Tools\MSVC\14.34.31933\include\new
  Note: including file:             C:\Program Files\Microsoft Visual Studio\2022\Community\VC\Tools\MSVC\14.34.31933\include\xatomic.h
  Note: including file:          C:\Program Files\Microsoft Visual Studio\2022\Community\VC\Tools\MSVC\14.34.31933\include\xcall_once.h
  Note: including file:          C:\Program Files\Microsoft Visual Studio\2022\Community\VC\Tools\MSVC\14.34.31933\include\xerrc.h
  Note: including file:          C:\Program Files\Microsoft Visual Studio\2022\Community\VC\Tools\MSVC\14.34.31933\include\atomic
  Note: including file:           C:\Program Files\Microsoft Visual Studio\2022\Community\VC\Tools\MSVC\14.34.31933\include\xthreads.h
  Note: including file:            C:\Program Files\Microsoft Visual Studio\2022\Community\VC\Tools\MSVC\14.34.31933\include\xtimec.h
  Note: including file:             C:\Program Files\Microsoft Visual Studio\2022\Community\VC\Tools\MSVC\14.34.31933\include\ctime
  Note: including file:              C:\Program Files (x86)\Windows Kits\10\Include\10.0.22000.0\ucrt\time.h
  Note: including file:         C:\Program Files\Microsoft Visual Studio\2022\Community\VC\Tools\MSVC\14.34.31933\include\xlocale
  Note: including file:          C:\Program Files\Microsoft Visual Studio\2022\Community\VC\Tools\MSVC\14.34.31933\include\memory
  Note: including file:           C:\Program Files\Microsoft Visual Studio\2022\Community\VC\Tools\MSVC\14.34.31933\include\typeinfo
  Note: including file:            C:\Program Files\Microsoft Visual Studio\2022\Community\VC\Tools\MSVC\14.34.31933\include\vcruntime_typeinfo.h
  Note: including file:          C:\Program Files\Microsoft Visual Studio\2022\Community\VC\Tools\MSVC\14.34.31933\include\xfacet
  Note: including file:          C:\Program Files\Microsoft Visual Studio\2022\Community\VC\Tools\MSVC\14.34.31933\include\xlocinfo
  Note: including file:           C:\Program Files\Microsoft Visual Studio\2022\Community\VC\Tools\MSVC\14.34.31933\include\__msvc_xlocinfo_types.hpp
  Note: including file:           C:\Program Files\Microsoft Visual Studio\2022\Community\VC\Tools\MSVC\14.34.31933\include\cctype
  Note: including file:            C:\Program Files (x86)\Windows Kits\10\Include\10.0.22000.0\ucrt\ctype.h
  Note: including file:           C:\Program Files\Microsoft Visual Studio\2022\Community\VC\Tools\MSVC\14.34.31933\include\clocale
  Note: including file:            C:\Program Files (x86)\Windows Kits\10\Include\10.0.22000.0\ucrt\locale.h
  Note: including file:  C:\Users\tingy\Desktop\Programming\OpenGL\OpenGL_Startup\OpenGL_Startup\OpenGL_Startup\OpenGL_Startup\imgui/imgui.h
  Note: including file:   C:\Users\tingy\Desktop\Programming\OpenGL\OpenGL_Startup\OpenGL_Startup\OpenGL_Startup\OpenGL_Startup\imgui\imconfig.h
  Note: including file:   C:\Program Files\Microsoft Visual Studio\2022\Community\VC\Tools\MSVC\14.34.31933\include\stdarg.h
  Note: including file:   C:\Program Files (x86)\Windows Kits\10\Include\10.0.22000.0\ucrt\assert.h
  Note: including file:  C:\Users\tingy\Desktop\Programming\OpenGL\OpenGL_Startup\OpenGL_Startup\OpenGL_Startup\OpenGL_Startup\imgui/imgui_impl_glfw.h
  Note: including file:  C:\Users\tingy\Desktop\Programming\OpenGL\OpenGL_Startup\OpenGL_Startup\OpenGL_Startup\OpenGL_Startup\imgui/imgui_impl_opengl3.h
  Note: including file:  C:\Users\tingy\Desktop\Programming\OpenGL\OpenGL_Startup\OpenGL_Startup\OpenGL_Startup\include\glad/glad.h
  Note: including file:   C:\Users\tingy\Desktop\Programming\OpenGL\OpenGL_Startup\OpenGL_Startup\OpenGL_Startup\include\KHR/khrplatform.h
  Note: including file:  C:\Users\tingy\Desktop\Programming\OpenGL\OpenGL_Startup\OpenGL_Startup\OpenGL_Startup\OpenGL_Startup\SceneStack.h
  Note: including file:   C:\Program Files\Microsoft Visual Studio\2022\Community\VC\Tools\MSVC\14.34.31933\include\functional
  Note: including file:    C:\Program Files\Microsoft Visual Studio\2022\Community\VC\Tools\MSVC\14.34.31933\include\tuple
  Note: including file:   C:\Program Files\Microsoft Visual Studio\2022\Community\VC\Tools\MSVC\14.34.31933\include\map
  Note: including file:    C:\Program Files\Microsoft Visual Studio\2022\Community\VC\Tools\MSVC\14.34.31933\include\xtree
  Note: including file:   C:\Program Files\Microsoft Visual Studio\2022\Community\VC\Tools\MSVC\14.34.31933\include\vector
  Note: including file:   C:\Users\tingy\Desktop\Programming\OpenGL\OpenGL_Startup\OpenGL_Startup\OpenGL_Startup\OpenGL_Startup\Scene.h
  Note: including file:    C:\Users\tingy\Desktop\Programming\OpenGL\OpenGL_Startup\OpenGL_Startup\OpenGL_Startup\OpenGL_Startup\GameSetting.h
  Note: including file:     C:\Users\tingy\Desktop\Programming\OpenGL\OpenGL_Startup\OpenGL_Startup\OpenGL_Startup\include\GLFW/glfw3.h
  Note: including file:     C:\Users\tingy\Desktop\Programming\OpenGL\OpenGL_Startup\OpenGL_Startup\OpenGL_Startup\OpenGL_Startup\Renderer.h
  Note: including file:  C:\Users\tingy\Desktop\Programming\OpenGL\OpenGL_Startup\OpenGL_Startup\OpenGL_Startup\OpenGL_Startup\SimpleScene.h
C:\Users\tingy\Desktop\Programming\OpenGL\OpenGL_Startup\OpenGL_Startup\OpenGL_Startup\OpenGL_Startup\GameManager.cpp(166,16): warning C4244: '=': conversion from 'int' to 'float', possible loss of data
C:\Users\tingy\Desktop\Programming\OpenGL\OpenGL_Startup\OpenGL_Startup\OpenGL_Startup\OpenGL_Startup\GameManager.cpp(167,17): warning C4244: '=': conversion from 'int' to 'float', possible loss of data
  Scene.cpp
  Note: including file: C:\Users\tingy\Desktop\Programming\OpenGL\OpenGL_Startup\OpenGL_Startup\OpenGL_Startup\OpenGL_Startup\Scene.h
  Note: including file:  C:\Program Files\Microsoft Visual Studio\2022\Community\VC\Tools\MSVC\14.34.31933\include\memory
  Note: including file:   C:\Program Files\Microsoft Visual Studio\2022\Community\VC\Tools\MSVC\14.34.31933\include\yvals_core.h
  Note: including file:    C:\Program Files\Microsoft Visual Studio\2022\Community\VC\Tools\MSVC\14.34.31933\include\vcruntime.h
  Note: including file:     C:\Program Files\Microsoft Visual Studio\2022\Community\VC\Tools\MSVC\14.34.31933\include\sal.h
  Note: including file:      C:\Program Files\Microsoft Visual Studio\2022\Community\VC\Tools\MSVC\14.34.31933\include\concurrencysal.h
  Note: including file:     C:\Program Files\Microsoft Visual Studio\2022\Community\VC\Tools\MSVC\14.34.31933\include\vadefs.h
  Note: including file:    C:\Program Files\Microsoft Visual Studio\2022\Community\VC\Tools\MSVC\14.34.31933\include\xkeycheck.h
  Note: including file:   C:\Program Files\Microsoft Visual Studio\2022\Community\VC\Tools\MSVC\14.34.31933\include\exception
  Note: including file:    C:\Program Files\Microsoft Visual Studio\2022\Community\VC\Tools\MSVC\14.34.31933\include\yvals.h
  Note: including file:     C:\Program Files (x86)\Windows Kits\10\Include\10.0.22000.0\ucrt\crtdbg.h
  Note: including file:      C:\Program Files (x86)\Windows Kits\10\Include\10.0.22000.0\ucrt\corecrt.h
  Note: including file:      C:\Program Files\Microsoft Visual Studio\2022\Community\VC\Tools\MSVC\14.34.31933\include\vcruntime_new_debug.h
  Note: including file:       C:\Program Files\Microsoft Visual Studio\2022\Community\VC\Tools\MSVC\14.34.31933\include\vcruntime_new.h
  Note: including file:     C:\Program Files\Microsoft Visual Studio\2022\Community\VC\Tools\MSVC\14.34.31933\include\crtdefs.h
  Note: including file:     C:\Program Files\Microsoft Visual Studio\2022\Community\VC\Tools\MSVC\14.34.31933\include\use_ansi.h
  Note: including file:    C:\Program Files\Microsoft Visual Studio\2022\Community\VC\Tools\MSVC\14.34.31933\include\type_traits
  Note: including file:     C:\Program Files\Microsoft Visual Studio\2022\Community\VC\Tools\MSVC\14.34.31933\include\cstdint
  Note: including file:      C:\Program Files\Microsoft Visual Studio\2022\Community\VC\Tools\MSVC\14.34.31933\include\stdint.h
  Note: including file:     C:\Program Files\Microsoft Visual Studio\2022\Community\VC\Tools\MSVC\14.34.31933\include\xstddef
  Note: including file:      C:\Program Files\Microsoft Visual Studio\2022\Community\VC\Tools\MSVC\14.34.31933\include\cstddef
  Note: including file:       C:\Program Files (x86)\Windows Kits\10\Include\10.0.22000.0\ucrt\stddef.h
  Note: including file:       C:\Program Files\Microsoft Visual Studio\2022\Community\VC\Tools\MSVC\14.34.31933\include\xtr1common
  Note: including file:      C:\Program Files\Microsoft Visual Studio\2022\Community\VC\Tools\MSVC\14.34.31933\include\cstdlib
  Note: including file:       C:\Program Files (x86)\Windows Kits\10\Include\10.0.22000.0\ucrt\math.h
  Note: including file:        C:\Program Files (x86)\Windows Kits\10\Include\10.0.22000.0\ucrt\corecrt_math.h
  Note: including file:       C:\Program Files (x86)\Windows Kits\10\Include\10.0.22000.0\ucrt\stdlib.h
  Note: including file:        C:\Program Files (x86)\Windows Kits\10\Include\10.0.22000.0\ucrt\corecrt_malloc.h
  Note: including file:        C:\Program Files (x86)\Windows Kits\10\Include\10.0.22000.0\ucrt\corecrt_search.h
  Note: including file:        C:\Program Files (x86)\Windows Kits\10\Include\10.0.22000.0\ucrt\corecrt_wstdlib.h
  Note: including file:        C:\Program Files\Microsoft Visual Studio\2022\Community\VC\Tools\MSVC\14.34.31933\include\limits.h
  Note: including file:      C:\Program Files\Microsoft Visual Studio\2022\Community\VC\Tools\MSVC\14.34.31933\include\initializer_list
  Note: including file:    C:\Program Files (x86)\Windows Kits\10\Include\10.0.22000.0\ucrt\malloc.h
  Note: including file:    C:\Program Files\Microsoft Visual Studio\2022\Community\VC\Tools\MSVC\14.34.31933\include\vcruntime_exception.h
  Note: including file:     C:\Program Files\Microsoft Visual Studio\2022\Community\VC\Tools\MSVC\14.34.31933\include\eh.h
  Note: including file:      C:\Program Files (x86)\Windows Kits\10\Include\10.0.22000.0\ucrt\corecrt_terminate.h
  Note: including file:   C:\Program Files\Microsoft Visual Studio\2022\Community\VC\Tools\MSVC\14.34.31933\include\iosfwd
  Note: including file:    C:\Program Files\Microsoft Visual Studio\2022\Community\VC\Tools\MSVC\14.34.31933\include\cstdio
  Note: including file:     C:\Program Files (x86)\Windows Kits\10\Include\10.0.22000.0\ucrt\stdio.h
  Note: including file:      C:\Program Files (x86)\Windows Kits\10\Include\10.0.22000.0\ucrt\corecrt_wstdio.h
  Note: including file:       C:\Program Files (x86)\Windows Kits\10\Include\10.0.22000.0\ucrt\corecrt_stdio_config.h
  Note: including file:    C:\Program Files\Microsoft Visual Studio\2022\Community\VC\Tools\MSVC\14.34.31933\include\cstring
  Note: including file:     C:\Program Files (x86)\Windows Kits\10\Include\10.0.22000.0\ucrt\string.h
  Note: including file:      C:\Program Files (x86)\Windows Kits\10\Include\10.0.22000.0\ucrt\corecrt_memory.h
  Note: including file:       C:\Program Files (x86)\Windows Kits\10\Include\10.0.22000.0\ucrt\corecrt_memcpy_s.h
  Note: including file:        C:\Program Files (x86)\Windows Kits\10\Include\10.0.22000.0\ucrt\errno.h
  Note: including file:        C:\Program Files\Microsoft Visual Studio\2022\Community\VC\Tools\MSVC\14.34.31933\include\vcruntime_string.h
  Note: including file:      C:\Program Files (x86)\Windows Kits\10\Include\10.0.22000.0\ucrt\corecrt_wstring.h
  Note: including file:    C:\Program Files\Microsoft Visual Studio\2022\Community\VC\Tools\MSVC\14.34.31933\include\cwchar
  Note: including file:     C:\Program Files (x86)\Windows Kits\10\Include\10.0.22000.0\ucrt\wchar.h
  Note: including file:      C:\Program Files (x86)\Windows Kits\10\Include\10.0.22000.0\ucrt\corecrt_wconio.h
  Note: including file:      C:\Program Files (x86)\Windows Kits\10\Include\10.0.22000.0\ucrt\corecrt_wctype.h
  Note: including file:      C:\Program Files (x86)\Windows Kits\10\Include\10.0.22000.0\ucrt\corecrt_wdirect.h
  Note: including file:      C:\Program Files (x86)\Windows Kits\10\Include\10.0.22000.0\ucrt\corecrt_wio.h
  Note: including file:       C:\Program Files (x86)\Windows Kits\10\Include\10.0.22000.0\ucrt\corecrt_share.h
  Note: including file:      C:\Program Files (x86)\Windows Kits\10\Include\10.0.22000.0\ucrt\corecrt_wprocess.h
  Note: including file:      C:\Program Files (x86)\Windows Kits\10\Include\10.0.22000.0\ucrt\corecrt_wtime.h
  Note: including file:      C:\Program Files (x86)\Windows Kits\10\Include\10.0.22000.0\ucrt\sys/stat.h
  Note: including file:       C:\Program Files (x86)\Windows Kits\10\Include\10.0.22000.0\ucrt\sys/types.h
  Note: including file:   C:\Program Files\Microsoft Visual Studio\2022\Community\VC\Tools\MSVC\14.34.31933\include\typeinfo
  Note: including file:    C:\Program Files\Microsoft Visual Studio\2022\Community\VC\Tools\MSVC\14.34.31933\include\vcruntime_typeinfo.h
  Note: including file:   C:\Program Files\Microsoft Visual Studio\2022\Community\VC\Tools\MSVC\14.34.31933\include\xmemory
  Note: including file:    C:\Program Files\Microsoft Visual Studio\2022\Community\VC\Tools\MSVC\14.34.31933\include\limits
  Note: including file:     C:\Program Files\Microsoft Visual Studio\2022\Community\VC\Tools\MSVC\14.34.31933\include\cfloat
  Note: including file:      C:\Program Files (x86)\Windows Kits\10\Include\10.0.22000.0\ucrt\float.h
  Note: including file:     C:\Program Files\Microsoft Visual Studio\2022\Community\VC\Tools\MSVC\14.34.31933\include\climits
  Note: including file:     C:\Program Files\Microsoft Visual Studio\2022\Community\VC\Tools\MSVC\14.34.31933\include\intrin0.h
  Note: including file:      C:\Program Files\Microsoft Visual Studio\2022\Community\VC\Tools\MSVC\14.34.31933\include\intrin0.inl.h
  Note: including file:     C:\Program Files\Microsoft Visual Studio\2022\Community\VC\Tools\MSVC\14.34.31933\include\isa_availability.h
  Note: including file:    C:\Program Files\Microsoft Visual Studio\2022\Community\VC\Tools\MSVC\14.34.31933\include\new
  Note: including file:    C:\Program Files\Microsoft Visual Studio\2022\Community\VC\Tools\MSVC\14.34.31933\include\xatomic.h
  Note: including file:    C:\Program Files\Microsoft Visual Studio\2022\Community\VC\Tools\MSVC\14.34.31933\include\xutility
  Note: including file:     C:\Program Files\Microsoft Visual Studio\2022\Community\VC\Tools\MSVC\14.34.31933\include\__msvc_iter_core.hpp
  Note: including file:      C:\Program Files\Microsoft Visual Studio\2022\Community\VC\Tools\MSVC\14.34.31933\include\utility
  Note: including file:  C:\Users\tingy\Desktop\Programming\OpenGL\OpenGL_Startup\OpenGL_Startup\OpenGL_Startup\OpenGL_Startup\GameSetting.h
  Note: including file:   C:\Users\tingy\Desktop\Programming\OpenGL\OpenGL_Startup\OpenGL_Startup\OpenGL_Startup\include\GLFW/glfw3.h
  Note: including file:   C:\Users\tingy\Desktop\Programming\OpenGL\OpenGL_Startup\OpenGL_Startup\OpenGL_Startup\include\glad/glad.h
  Note: including file:    C:\Users\tingy\Desktop\Programming\OpenGL\OpenGL_Startup\OpenGL_Startup\OpenGL_Startup\include\KHR/khrplatform.h
  Note: including file:   C:\Users\tingy\Desktop\Programming\OpenGL\OpenGL_Startup\OpenGL_Startup\OpenGL_Startup\OpenGL_Startup\Renderer.h
  Note: including file:  C:\Users\tingy\Desktop\Programming\OpenGL\OpenGL_Startup\OpenGL_Startup\OpenGL_Startup\OpenGL_Startup\SceneStack.h
  Note: including file:   C:\Program Files\Microsoft Visual Studio\2022\Community\VC\Tools\MSVC\14.34.31933\include\functional
  Note: including file:    C:\Program Files\Microsoft Visual Studio\2022\Community\VC\Tools\MSVC\14.34.31933\include\tuple
  Note: including file:   C:\Program Files\Microsoft Visual Studio\2022\Community\VC\Tools\MSVC\14.34.31933\include\map
  Note: including file:    C:\Program Files\Microsoft Visual Studio\2022\Community\VC\Tools\MSVC\14.34.31933\include\xtree
  Note: including file:   C:\Program Files\Microsoft Visual Studio\2022\Community\VC\Tools\MSVC\14.34.31933\include\vector
  SceneStack.cpp
  Note: including file: C:\Users\tingy\Desktop\Programming\OpenGL\OpenGL_Startup\OpenGL_Startup\OpenGL_Startup\OpenGL_Startup\SceneStack.h
  Note: including file:  C:\Program Files\Microsoft Visual Studio\2022\Community\VC\Tools\MSVC\14.34.31933\include\utility
  Note: including file:   C:\Program Files\Microsoft Visual Studio\2022\Community\VC\Tools\MSVC\14.34.31933\include\yvals_core.h
  Note: including file:    C:\Program Files\Microsoft Visual Studio\2022\Community\VC\Tools\MSVC\14.34.31933\include\vcruntime.h
  Note: including file:     C:\Program Files\Microsoft Visual Studio\2022\Community\VC\Tools\MSVC\14.34.31933\include\sal.h
  Note: including file:      C:\Program Files\Microsoft Visual Studio\2022\Community\VC\Tools\MSVC\14.34.31933\include\concurrencysal.h
  Note: including file:     C:\Program Files\Microsoft Visual Studio\2022\Community\VC\Tools\MSVC\14.34.31933\include\vadefs.h
  Note: including file:    C:\Program Files\Microsoft Visual Studio\2022\Community\VC\Tools\MSVC\14.34.31933\include\xkeycheck.h
  Note: including file:   C:\Program Files\Microsoft Visual Studio\2022\Community\VC\Tools\MSVC\14.34.31933\include\type_traits
  Note: including file:    C:\Program Files\Microsoft Visual Studio\2022\Community\VC\Tools\MSVC\14.34.31933\include\cstdint
  Note: including file:     C:\Program Files\Microsoft Visual Studio\2022\Community\VC\Tools\MSVC\14.34.31933\include\stdint.h
  Note: including file:    C:\Program Files\Microsoft Visual Studio\2022\Community\VC\Tools\MSVC\14.34.31933\include\xstddef
  Note: including file:     C:\Program Files\Microsoft Visual Studio\2022\Community\VC\Tools\MSVC\14.34.31933\include\cstddef
  Note: including file:      C:\Program Files (x86)\Windows Kits\10\Include\10.0.22000.0\ucrt\stddef.h
  Note: including file:       C:\Program Files (x86)\Windows Kits\10\Include\10.0.22000.0\ucrt\corecrt.h
  Note: including file:      C:\Program Files\Microsoft Visual Studio\2022\Community\VC\Tools\MSVC\14.34.31933\include\xtr1common
  Note: including file:     C:\Program Files\Microsoft Visual Studio\2022\Community\VC\Tools\MSVC\14.34.31933\include\cstdlib
  Note: including file:      C:\Program Files (x86)\Windows Kits\10\Include\10.0.22000.0\ucrt\math.h
  Note: including file:       C:\Program Files (x86)\Windows Kits\10\Include\10.0.22000.0\ucrt\corecrt_math.h
  Note: including file:      C:\Program Files (x86)\Windows Kits\10\Include\10.0.22000.0\ucrt\stdlib.h
  Note: including file:       C:\Program Files (x86)\Windows Kits\10\Include\10.0.22000.0\ucrt\corecrt_malloc.h
  Note: including file:       C:\Program Files (x86)\Windows Kits\10\Include\10.0.22000.0\ucrt\corecrt_search.h
  Note: including file:       C:\Program Files (x86)\Windows Kits\10\Include\10.0.22000.0\ucrt\corecrt_wstdlib.h
  Note: including file:       C:\Program Files\Microsoft Visual Studio\2022\Community\VC\Tools\MSVC\14.34.31933\include\limits.h
  Note: including file:     C:\Program Files\Microsoft Visual Studio\2022\Community\VC\Tools\MSVC\14.34.31933\include\initializer_list
  Note: including file:  C:\Program Files\Microsoft Visual Studio\2022\Community\VC\Tools\MSVC\14.34.31933\include\functional
  Note: including file:   C:\Program Files\Microsoft Visual Studio\2022\Community\VC\Tools\MSVC\14.34.31933\include\exception
  Note: including file:    C:\Program Files\Microsoft Visual Studio\2022\Community\VC\Tools\MSVC\14.34.31933\include\yvals.h
  Note: including file:     C:\Program Files (x86)\Windows Kits\10\Include\10.0.22000.0\ucrt\crtdbg.h
  Note: including file:      C:\Program Files\Microsoft Visual Studio\2022\Community\VC\Tools\MSVC\14.34.31933\include\vcruntime_new_debug.h
  Note: including file:       C:\Program Files\Microsoft Visual Studio\2022\Community\VC\Tools\MSVC\14.34.31933\include\vcruntime_new.h
  Note: including file:     C:\Program Files\Microsoft Visual Studio\2022\Community\VC\Tools\MSVC\14.34.31933\include\crtdefs.h
  Note: including file:     C:\Program Files\Microsoft Visual Studio\2022\Community\VC\Tools\MSVC\14.34.31933\include\use_ansi.h
  Note: including file:    C:\Program Files (x86)\Windows Kits\10\Include\10.0.22000.0\ucrt\malloc.h
  Note: including file:    C:\Program Files\Microsoft Visual Studio\2022\Community\VC\Tools\MSVC\14.34.31933\include\vcruntime_exception.h
  Note: including file:     C:\Program Files\Microsoft Visual Studio\2022\Community\VC\Tools\MSVC\14.34.31933\include\eh.h
  Note: including file:      C:\Program Files (x86)\Windows Kits\10\Include\10.0.22000.0\ucrt\corecrt_terminate.h
  Note: including file:   C:\Program Files\Microsoft Visual Studio\2022\Community\VC\Tools\MSVC\14.34.31933\include\tuple
  Note: including file:    C:\Program Files\Microsoft Visual Studio\2022\Community\VC\Tools\MSVC\14.34.31933\include\__msvc_iter_core.hpp
  Note: including file:   C:\Program Files\Microsoft Visual Studio\2022\Community\VC\Tools\MSVC\14.34.31933\include\typeinfo
  Note: including file:    C:\Program Files\Microsoft Visual Studio\2022\Community\VC\Tools\MSVC\14.34.31933\include\vcruntime_typeinfo.h
  Note: including file:   C:\Program Files\Microsoft Visual Studio\2022\Community\VC\Tools\MSVC\14.34.31933\include\xmemory
  Note: including file:    C:\Program Files\Microsoft Visual Studio\2022\Community\VC\Tools\MSVC\14.34.31933\include\limits
  Note: including file:     C:\Program Files\Microsoft Visual Studio\2022\Community\VC\Tools\MSVC\14.34.31933\include\cfloat
  Note: including file:      C:\Program Files (x86)\Windows Kits\10\Include\10.0.22000.0\ucrt\float.h
  Note: including file:     C:\Program Files\Microsoft Visual Studio\2022\Community\VC\Tools\MSVC\14.34.31933\include\climits
  Note: including file:     C:\Program Files\Microsoft Visual Studio\2022\Community\VC\Tools\MSVC\14.34.31933\include\cwchar
  Note: including file:      C:\Program Files\Microsoft Visual Studio\2022\Community\VC\Tools\MSVC\14.34.31933\include\cstdio
  Note: including file:       C:\Program Files (x86)\Windows Kits\10\Include\10.0.22000.0\ucrt\stdio.h
  Note: including file:        C:\Program Files (x86)\Windows Kits\10\Include\10.0.22000.0\ucrt\corecrt_wstdio.h
  Note: including file:         C:\Program Files (x86)\Windows Kits\10\Include\10.0.22000.0\ucrt\corecrt_stdio_config.h
  Note: including file:      C:\Program Files (x86)\Windows Kits\10\Include\10.0.22000.0\ucrt\wchar.h
  Note: including file:       C:\Program Files (x86)\Windows Kits\10\Include\10.0.22000.0\ucrt\corecrt_memcpy_s.h
  Note: including file:        C:\Program Files (x86)\Windows Kits\10\Include\10.0.22000.0\ucrt\errno.h
  Note: including file:        C:\Program Files\Microsoft Visual Studio\2022\Community\VC\Tools\MSVC\14.34.31933\include\vcruntime_string.h
  Note: including file:       C:\Program Files (x86)\Windows Kits\10\Include\10.0.22000.0\ucrt\corecrt_wconio.h
  Note: including file:       C:\Program Files (x86)\Windows Kits\10\Include\10.0.22000.0\ucrt\corecrt_wctype.h
  Note: including file:       C:\Program Files (x86)\Windows Kits\10\Include\10.0.22000.0\ucrt\corecrt_wdirect.h
  Note: including file:       C:\Program Files (x86)\Windows Kits\10\Include\10.0.22000.0\ucrt\corecrt_wio.h
  Note: including file:        C:\Program Files (x86)\Windows Kits\10\Include\10.0.22000.0\ucrt\corecrt_share.h
  Note: including file:       C:\Program Files (x86)\Windows Kits\10\Include\10.0.22000.0\ucrt\corecrt_wprocess.h
  Note: including file:       C:\Program Files (x86)\Windows Kits\10\Include\10.0.22000.0\ucrt\corecrt_wstring.h
  Note: including file:       C:\Program Files (x86)\Windows Kits\10\Include\10.0.22000.0\ucrt\corecrt_wtime.h
  Note: including file:       C:\Program Files (x86)\Windows Kits\10\Include\10.0.22000.0\ucrt\sys/stat.h
  Note: including file:        C:\Program Files (x86)\Windows Kits\10\Include\10.0.22000.0\ucrt\sys/types.h
  Note: including file:     C:\Program Files\Microsoft Visual Studio\2022\Community\VC\Tools\MSVC\14.34.31933\include\intrin0.h
  Note: including file:      C:\Program Files\Microsoft Visual Studio\2022\Community\VC\Tools\MSVC\14.34.31933\include\intrin0.inl.h
  Note: including file:     C:\Program Files\Microsoft Visual Studio\2022\Community\VC\Tools\MSVC\14.34.31933\include\isa_availability.h
  Note: including file:    C:\Program Files\Microsoft Visual Studio\2022\Community\VC\Tools\MSVC\14.34.31933\include\new
  Note: including file:    C:\Program Files\Microsoft Visual Studio\2022\Community\VC\Tools\MSVC\14.34.31933\include\xatomic.h
  Note: including file:    C:\Program Files\Microsoft Visual Studio\2022\Community\VC\Tools\MSVC\14.34.31933\include\xutility
  Note: including file:     C:\Program Files\Microsoft Visual Studio\2022\Community\VC\Tools\MSVC\14.34.31933\include\cstring
  Note: including file:      C:\Program Files (x86)\Windows Kits\10\Include\10.0.22000.0\ucrt\string.h
  Note: including file:       C:\Program Files (x86)\Windows Kits\10\Include\10.0.22000.0\ucrt\corecrt_memory.h
  Note: including file:  C:\Program Files\Microsoft Visual Studio\2022\Community\VC\Tools\MSVC\14.34.31933\include\map
  Note: including file:   C:\Program Files\Microsoft Visual Studio\2022\Community\VC\Tools\MSVC\14.34.31933\include\xtree
  Note: including file:  C:\Program Files\Microsoft Visual Studio\2022\Community\VC\Tools\MSVC\14.34.31933\include\vector
  Note: including file:  C:\Users\tingy\Desktop\Programming\OpenGL\OpenGL_Startup\OpenGL_Startup\OpenGL_Startup\OpenGL_Startup\Scene.h
  Note: including file:   C:\Program Files\Microsoft Visual Studio\2022\Community\VC\Tools\MSVC\14.34.31933\include\memory
  Note: including file:    C:\Program Files\Microsoft Visual Studio\2022\Community\VC\Tools\MSVC\14.34.31933\include\iosfwd
  Note: including file:   C:\Users\tingy\Desktop\Programming\OpenGL\OpenGL_Startup\OpenGL_Startup\OpenGL_Startup\OpenGL_Startup\GameSetting.h
  Note: including file:    C:\Users\tingy\Desktop\Programming\OpenGL\OpenGL_Startup\OpenGL_Startup\OpenGL_Startup\include\GLFW/glfw3.h
  Note: including file:    C:\Users\tingy\Desktop\Programming\OpenGL\OpenGL_Startup\OpenGL_Startup\OpenGL_Startup\include\glad/glad.h
  Note: including file:     C:\Users\tingy\Desktop\Programming\OpenGL\OpenGL_Startup\OpenGL_Startup\OpenGL_Startup\include\KHR/khrplatform.h
  Note: including file:    C:\Users\tingy\Desktop\Programming\OpenGL\OpenGL_Startup\OpenGL_Startup\OpenGL_Startup\OpenGL_Startup\Renderer.h
C:\Users\tingy\Desktop\Programming\OpenGL\OpenGL_Startup\OpenGL_Startup\OpenGL_Startup\OpenGL_Startup\SceneStack.cpp(110,27): warning C4267: 'return': conversion from 'size_t' to 'int', possible loss of data
  SimpleScene.cpp
  Note: including file: C:\Users\tingy\Desktop\Programming\OpenGL\OpenGL_Startup\OpenGL_Startup\OpenGL_Startup\OpenGL_Startup\SimpleScene.h
  Note: including file:  C:\Users\tingy\Desktop\Programming\OpenGL\OpenGL_Startup\OpenGL_Startup\OpenGL_Startup\OpenGL_Startup\Scene.h
  Note: including file:   C:\Program Files\Microsoft Visual Studio\2022\Community\VC\Tools\MSVC\14.34.31933\include\memory
  Note: including file:    C:\Program Files\Microsoft Visual Studio\2022\Community\VC\Tools\MSVC\14.34.31933\include\yvals_core.h
  Note: including file:     C:\Program Files\Microsoft Visual Studio\2022\Community\VC\Tools\MSVC\14.34.31933\include\vcruntime.h
  Note: including file:      C:\Program Files\Microsoft Visual Studio\2022\Community\VC\Tools\MSVC\14.34.31933\include\sal.h
  Note: including file:       C:\Program Files\Microsoft Visual Studio\2022\Community\VC\Tools\MSVC\14.34.31933\include\concurrencysal.h
  Note: including file:      C:\Program Files\Microsoft Visual Studio\2022\Community\VC\Tools\MSVC\14.34.31933\include\vadefs.h
  Note: including file:     C:\Program Files\Microsoft Visual Studio\2022\Community\VC\Tools\MSVC\14.34.31933\include\xkeycheck.h
  Note: including file:    C:\Program Files\Microsoft Visual Studio\2022\Community\VC\Tools\MSVC\14.34.31933\include\exception
  Note: including file:     C:\Program Files\Microsoft Visual Studio\2022\Community\VC\Tools\MSVC\14.34.31933\include\yvals.h
  Note: including file:      C:\Program Files (x86)\Windows Kits\10\Include\10.0.22000.0\ucrt\crtdbg.h
  Note: including file:       C:\Program Files (x86)\Windows Kits\10\Include\10.0.22000.0\ucrt\corecrt.h
  Note: including file:       C:\Program Files\Microsoft Visual Studio\2022\Community\VC\Tools\MSVC\14.34.31933\include\vcruntime_new_debug.h
  Note: including file:        C:\Program Files\Microsoft Visual Studio\2022\Community\VC\Tools\MSVC\14.34.31933\include\vcruntime_new.h
  Note: including file:      C:\Program Files\Microsoft Visual Studio\2022\Community\VC\Tools\MSVC\14.34.31933\include\crtdefs.h
  Note: including file:      C:\Program Files\Microsoft Visual Studio\2022\Community\VC\Tools\MSVC\14.34.31933\include\use_ansi.h
  Note: including file:     C:\Program Files\Microsoft Visual Studio\2022\Community\VC\Tools\MSVC\14.34.31933\include\type_traits
  Note: including file:      C:\Program Files\Microsoft Visual Studio\2022\Community\VC\Tools\MSVC\14.34.31933\include\cstdint
  Note: including file:       C:\Program Files\Microsoft Visual Studio\2022\Community\VC\Tools\MSVC\14.34.31933\include\stdint.h
  Note: including file:      C:\Program Files\Microsoft Visual Studio\2022\Community\VC\Tools\MSVC\14.34.31933\include\xstddef
  Note: including file:       C:\Program Files\Microsoft Visual Studio\2022\Community\VC\Tools\MSVC\14.34.31933\include\cstddef
  Note: including file:        C:\Program Files (x86)\Windows Kits\10\Include\10.0.22000.0\ucrt\stddef.h
  Note: including file:        C:\Program Files\Microsoft Visual Studio\2022\Community\VC\Tools\MSVC\14.34.31933\include\xtr1common
  Note: including file:       C:\Program Files\Microsoft Visual Studio\2022\Community\VC\Tools\MSVC\14.34.31933\include\cstdlib
  Note: including file:        C:\Program Files (x86)\Windows Kits\10\Include\10.0.22000.0\ucrt\math.h
  Note: including file:         C:\Program Files (x86)\Windows Kits\10\Include\10.0.22000.0\ucrt\corecrt_math.h
  Note: including file:        C:\Program Files (x86)\Windows Kits\10\Include\10.0.22000.0\ucrt\stdlib.h
  Note: including file:         C:\Program Files (x86)\Windows Kits\10\Include\10.0.22000.0\ucrt\corecrt_malloc.h
  Note: including file:         C:\Program Files (x86)\Windows Kits\10\Include\10.0.22000.0\ucrt\corecrt_search.h
  Note: including file:         C:\Program Files (x86)\Windows Kits\10\Include\10.0.22000.0\ucrt\corecrt_wstdlib.h
  Note: including file:         C:\Program Files\Microsoft Visual Studio\2022\Community\VC\Tools\MSVC\14.34.31933\include\limits.h
  Note: including file:       C:\Program Files\Microsoft Visual Studio\2022\Community\VC\Tools\MSVC\14.34.31933\include\initializer_list
  Note: including file:     C:\Program Files (x86)\Windows Kits\10\Include\10.0.22000.0\ucrt\malloc.h
  Note: including file:     C:\Program Files\Microsoft Visual Studio\2022\Community\VC\Tools\MSVC\14.34.31933\include\vcruntime_exception.h
  Note: including file:      C:\Program Files\Microsoft Visual Studio\2022\Community\VC\Tools\MSVC\14.34.31933\include\eh.h
  Note: including file:       C:\Program Files (x86)\Windows Kits\10\Include\10.0.22000.0\ucrt\corecrt_terminate.h
  Note: including file:    C:\Program Files\Microsoft Visual Studio\2022\Community\VC\Tools\MSVC\14.34.31933\include\iosfwd
  Note: including file:     C:\Program Files\Microsoft Visual Studio\2022\Community\VC\Tools\MSVC\14.34.31933\include\cstdio
  Note: including file:      C:\Program Files (x86)\Windows Kits\10\Include\10.0.22000.0\ucrt\stdio.h
  Note: including file:       C:\Program Files (x86)\Windows Kits\10\Include\10.0.22000.0\ucrt\corecrt_wstdio.h
  Note: including file:        C:\Program Files (x86)\Windows Kits\10\Include\10.0.22000.0\ucrt\corecrt_stdio_config.h
  Note: including file:     C:\Program Files\Microsoft Visual Studio\2022\Community\VC\Tools\MSVC\14.34.31933\include\cstring
  Note: including file:      C:\Program Files (x86)\Windows Kits\10\Include\10.0.22000.0\ucrt\string.h
  Note: including file:       C:\Program Files (x86)\Windows Kits\10\Include\10.0.22000.0\ucrt\corecrt_memory.h
  Note: including file:        C:\Program Files (x86)\Windows Kits\10\Include\10.0.22000.0\ucrt\corecrt_memcpy_s.h
  Note: including file:         C:\Program Files (x86)\Windows Kits\10\Include\10.0.22000.0\ucrt\errno.h
  Note: including file:         C:\Program Files\Microsoft Visual Studio\2022\Community\VC\Tools\MSVC\14.34.31933\include\vcruntime_string.h
  Note: including file:       C:\Program Files (x86)\Windows Kits\10\Include\10.0.22000.0\ucrt\corecrt_wstring.h
  Note: including file:     C:\Program Files\Microsoft Visual Studio\2022\Community\VC\Tools\MSVC\14.34.31933\include\cwchar
  Note: including file:      C:\Program Files (x86)\Windows Kits\10\Include\10.0.22000.0\ucrt\wchar.h
  Note: including file:       C:\Program Files (x86)\Windows Kits\10\Include\10.0.22000.0\ucrt\corecrt_wconio.h
  Note: including file:       C:\Program Files (x86)\Windows Kits\10\Include\10.0.22000.0\ucrt\corecrt_wctype.h
  Note: including file:       C:\Program Files (x86)\Windows Kits\10\Include\10.0.22000.0\ucrt\corecrt_wdirect.h
  Note: including file:       C:\Program Files (x86)\Windows Kits\10\Include\10.0.22000.0\ucrt\corecrt_wio.h
  Note: including file:        C:\Program Files (x86)\Windows Kits\10\Include\10.0.22000.0\ucrt\corecrt_share.h
  Note: including file:       C:\Program Files (x86)\Windows Kits\10\Include\10.0.22000.0\ucrt\corecrt_wprocess.h
  Note: including file:       C:\Program Files (x86)\Windows Kits\10\Include\10.0.22000.0\ucrt\corecrt_wtime.h
  Note: including file:       C:\Program Files (x86)\Windows Kits\10\Include\10.0.22000.0\ucrt\sys/stat.h
  Note: including file:        C:\Program Files (x86)\Windows Kits\10\Include\10.0.22000.0\ucrt\sys/types.h
  Note: including file:    C:\Program Files\Microsoft Visual Studio\2022\Community\VC\Tools\MSVC\14.34.31933\include\typeinfo
  Note: including file:     C:\Program Files\Microsoft Visual Studio\2022\Community\VC\Tools\MSVC\14.34.31933\include\vcruntime_typeinfo.h
  Note: including file:    C:\Program Files\Microsoft Visual Studio\2022\Community\VC\Tools\MSVC\14.34.31933\include\xmemory
  Note: including file:     C:\Program Files\Microsoft Visual Studio\2022\Community\VC\Tools\MSVC\14.34.31933\include\limits
  Note: including file:      C:\Program Files\Microsoft Visual Studio\2022\Community\VC\Tools\MSVC\14.34.31933\include\cfloat
  Note: including file:       C:\Program Files (x86)\Windows Kits\10\Include\10.0.22000.0\ucrt\float.h
  Note: including file:      C:\Program Files\Microsoft Visual Studio\2022\Community\VC\Tools\MSVC\14.34.31933\include\climits
  Note: including file:      C:\Program Files\Microsoft Visual Studio\2022\Community\VC\Tools\MSVC\14.34.31933\include\intrin0.h
  Note: including file:       C:\Program Files\Microsoft Visual Studio\2022\Community\VC\Tools\MSVC\14.34.31933\include\intrin0.inl.h
  Note: including file:      C:\Program Files\Microsoft Visual Studio\2022\Community\VC\Tools\MSVC\14.34.31933\include\isa_availability.h
  Note: including file:     C:\Program Files\Microsoft Visual Studio\2022\Community\VC\Tools\MSVC\14.34.31933\include\new
  Note: including file:     C:\Program Files\Microsoft Visual Studio\2022\Community\VC\Tools\MSVC\14.34.31933\include\xatomic.h
  Note: including file:     C:\Program Files\Microsoft Visual Studio\2022\Community\VC\Tools\MSVC\14.34.31933\include\xutility
  Note: including file:      C:\Program Files\Microsoft Visual Studio\2022\Community\VC\Tools\MSVC\14.34.31933\include\__msvc_iter_core.hpp
  Note: including file:       C:\Program Files\Microsoft Visual Studio\2022\Community\VC\Tools\MSVC\14.34.31933\include\utility
  Note: including file:   C:\Users\tingy\Desktop\Programming\OpenGL\OpenGL_Startup\OpenGL_Startup\OpenGL_Startup\OpenGL_Startup\GameSetting.h
  Note: including file:    C:\Users\tingy\Desktop\Programming\OpenGL\OpenGL_Startup\OpenGL_Startup\OpenGL_Startup\include\GLFW/glfw3.h
  Note: including file:    C:\Users\tingy\Desktop\Programming\OpenGL\OpenGL_Startup\OpenGL_Startup\OpenGL_Startup\include\glad/glad.h
  Note: including file:     C:\Users\tingy\Desktop\Programming\OpenGL\OpenGL_Startup\OpenGL_Startup\OpenGL_Startup\include\KHR/khrplatform.h
  Note: including file:    C:\Users\tingy\Desktop\Programming\OpenGL\OpenGL_Startup\OpenGL_Startup\OpenGL_Startup\OpenGL_Startup\Renderer.h
  Note: including file:   C:\Users\tingy\Desktop\Programming\OpenGL\OpenGL_Startup\OpenGL_Startup\OpenGL_Startup\OpenGL_Startup\SceneStack.h
  Note: including file:    C:\Program Files\Microsoft Visual Studio\2022\Community\VC\Tools\MSVC\14.34.31933\include\functional
  Note: including file:     C:\Program Files\Microsoft Visual Studio\2022\Community\VC\Tools\MSVC\14.34.31933\include\tuple
  Note: including file:    C:\Program Files\Microsoft Visual Studio\2022\Community\VC\Tools\MSVC\14.34.31933\include\map
  Note: including file:     C:\Program Files\Microsoft Visual Studio\2022\Community\VC\Tools\MSVC\14.34.31933\include\xtree
  Note: including file:    C:\Program Files\Microsoft Visual Studio\2022\Community\VC\Tools\MSVC\14.34.31933\include\vector
  main.cpp
  Note: including file: C:\Program Files\Microsoft Visual Studio\2022\Community\VC\Tools\MSVC\14.34.31933\include\iostream
  Note: including file:  C:\Program Files\Microsoft Visual Studio\2022\Community\VC\Tools\MSVC\14.34.31933\include\yvals_core.h
  Note: including file:   C:\Program Files\Microsoft Visual Studio\2022\Community\VC\Tools\MSVC\14.34.31933\include\vcruntime.h
  Note: including file:    C:\Program Files\Microsoft Visual Studio\2022\Community\VC\Tools\MSVC\14.34.31933\include\sal.h
  Note: including file:     C:\Program Files\Microsoft Visual Studio\2022\Community\VC\Tools\MSVC\14.34.31933\include\concurrencysal.h
  Note: including file:    C:\Program Files\Microsoft Visual Studio\2022\Community\VC\Tools\MSVC\14.34.31933\include\vadefs.h
  Note: including file:   C:\Program Files\Microsoft Visual Studio\2022\Community\VC\Tools\MSVC\14.34.31933\include\xkeycheck.h
  Note: including file:  C:\Program Files\Microsoft Visual Studio\2022\Community\VC\Tools\MSVC\14.34.31933\include\istream
  Note: including file:   C:\Program Files\Microsoft Visual Studio\2022\Community\VC\Tools\MSVC\14.34.31933\include\ostream
  Note: including file:    C:\Program Files\Microsoft Visual Studio\2022\Community\VC\Tools\MSVC\14.34.31933\include\ios
  Note: including file:     C:\Program Files\Microsoft Visual Studio\2022\Community\VC\Tools\MSVC\14.34.31933\include\xlocnum
  Note: including file:      C:\Program Files\Microsoft Visual Studio\2022\Community\VC\Tools\MSVC\14.34.31933\include\climits
  Note: including file:       C:\Program Files\Microsoft Visual Studio\2022\Community\VC\Tools\MSVC\14.34.31933\include\limits.h
  Note: including file:      C:\Program Files\Microsoft Visual Studio\2022\Community\VC\Tools\MSVC\14.34.31933\include\cmath
  Note: including file:       C:\Program Files\Microsoft Visual Studio\2022\Community\VC\Tools\MSVC\14.34.31933\include\yvals.h
  Note: including file:        C:\Program Files (x86)\Windows Kits\10\Include\10.0.22000.0\ucrt\crtdbg.h
  Note: including file:         C:\Program Files (x86)\Windows Kits\10\Include\10.0.22000.0\ucrt\corecrt.h
  Note: including file:         C:\Program Files\Microsoft Visual Studio\2022\Community\VC\Tools\MSVC\14.34.31933\include\vcruntime_new_debug.h
  Note: including file:          C:\Program Files\Microsoft Visual Studio\2022\Community\VC\Tools\MSVC\14.34.31933\include\vcruntime_new.h
  Note: including file:        C:\Program Files\Microsoft Visual Studio\2022\Community\VC\Tools\MSVC\14.34.31933\include\crtdefs.h
  Note: including file:        C:\Program Files\Microsoft Visual Studio\2022\Community\VC\Tools\MSVC\14.34.31933\include\use_ansi.h
  Note: including file:       C:\Program Files\Microsoft Visual Studio\2022\Community\VC\Tools\MSVC\14.34.31933\include\cstdlib
  Note: including file:        C:\Program Files (x86)\Windows Kits\10\Include\10.0.22000.0\ucrt\math.h
  Note: including file:         C:\Program Files (x86)\Windows Kits\10\Include\10.0.22000.0\ucrt\corecrt_math.h
  Note: including file:        C:\Program Files (x86)\Windows Kits\10\Include\10.0.22000.0\ucrt\stdlib.h
  Note: including file:         C:\Program Files (x86)\Windows Kits\10\Include\10.0.22000.0\ucrt\corecrt_malloc.h
  Note: including file:         C:\Program Files (x86)\Windows Kits\10\Include\10.0.22000.0\ucrt\corecrt_search.h
  Note: including file:          C:\Program Files (x86)\Windows Kits\10\Include\10.0.22000.0\ucrt\stddef.h
  Note: including file:         C:\Program Files (x86)\Windows Kits\10\Include\10.0.22000.0\ucrt\corecrt_wstdlib.h
  Note: including file:       C:\Program Files\Microsoft Visual Studio\2022\Community\VC\Tools\MSVC\14.34.31933\include\xtr1common
  Note: including file:       C:\Program Files\Microsoft Visual Studio\2022\Community\VC\Tools\MSVC\14.34.31933\include\intrin0.h
  Note: including file:        C:\Program Files\Microsoft Visual Studio\2022\Community\VC\Tools\MSVC\14.34.31933\include\intrin0.inl.h
  Note: including file:      C:\Program Files\Microsoft Visual Studio\2022\Community\VC\Tools\MSVC\14.34.31933\include\cstdio
  Note: including file:       C:\Program Files (x86)\Windows Kits\10\Include\10.0.22000.0\ucrt\stdio.h
  Note: including file:        C:\Program Files (x86)\Windows Kits\10\Include\10.0.22000.0\ucrt\corecrt_wstdio.h
  Note: including file:         C:\Program Files (x86)\Windows Kits\10\Include\10.0.22000.0\ucrt\corecrt_stdio_config.h
  Note: including file:      C:\Program Files\Microsoft Visual Studio\2022\Community\VC\Tools\MSVC\14.34.31933\include\iterator
  Note: including file:       C:\Program Files\Microsoft Visual Studio\2022\Community\VC\Tools\MSVC\14.34.31933\include\iosfwd
  Note: including file:        C:\Program Files\Microsoft Visual Studio\2022\Community\VC\Tools\MSVC\14.34.31933\include\cstring
  Note: including file:         C:\Program Files (x86)\Windows Kits\10\Include\10.0.22000.0\ucrt\string.h
  Note: including file:          C:\Program Files (x86)\Windows Kits\10\Include\10.0.22000.0\ucrt\corecrt_memory.h
  Note: including file:           C:\Program Files (x86)\Windows Kits\10\Include\10.0.22000.0\ucrt\corecrt_memcpy_s.h
  Note: including file:            C:\Program Files (x86)\Windows Kits\10\Include\10.0.22000.0\ucrt\errno.h
  Note: including file:            C:\Program Files\Microsoft Visual Studio\2022\Community\VC\Tools\MSVC\14.34.31933\include\vcruntime_string.h
  Note: including file:          C:\Program Files (x86)\Windows Kits\10\Include\10.0.22000.0\ucrt\corecrt_wstring.h
  Note: including file:        C:\Program Files\Microsoft Visual Studio\2022\Community\VC\Tools\MSVC\14.34.31933\include\cwchar
  Note: including file:         C:\Program Files (x86)\Windows Kits\10\Include\10.0.22000.0\ucrt\wchar.h
  Note: including file:          C:\Program Files (x86)\Windows Kits\10\Include\10.0.22000.0\ucrt\corecrt_wconio.h
  Note: including file:          C:\Program Files (x86)\Windows Kits\10\Include\10.0.22000.0\ucrt\corecrt_wctype.h
  Note: including file:          C:\Program Files (x86)\Windows Kits\10\Include\10.0.22000.0\ucrt\corecrt_wdirect.h
  Note: including file:          C:\Program Files (x86)\Windows Kits\10\Include\10.0.22000.0\ucrt\corecrt_wio.h
  Note: including file:           C:\Program Files (x86)\Windows Kits\10\Include\10.0.22000.0\ucrt\corecrt_share.h
  Note: including file:          C:\Program Files (x86)\Windows Kits\10\Include\10.0.22000.0\ucrt\corecrt_wprocess.h
  Note: including file:          C:\Program Files (x86)\Windows Kits\10\Include\10.0.22000.0\ucrt\corecrt_wtime.h
  Note: including file:          C:\Program Files (x86)\Windows Kits\10\Include\10.0.22000.0\ucrt\sys/stat.h
  Note: including file:           C:\Program Files (x86)\Windows Kits\10\Include\10.0.22000.0\ucrt\sys/types.h
  Note: including file:        C:\Program Files\Microsoft Visual Studio\2022\Community\VC\Tools\MSVC\14.34.31933\include\xstddef
  Note: including file:         C:\Program Files\Microsoft Visual Studio\2022\Community\VC\Tools\MSVC\14.34.31933\include\cstddef
  Note: including file:         C:\Program Files\Microsoft Visual Studio\2022\Community\VC\Tools\MSVC\14.34.31933\include\initializer_list
  Note: including file:       C:\Program Files\Microsoft Visual Studio\2022\Community\VC\Tools\MSVC\14.34.31933\include\xutility
  Note: including file:        C:\Program Files\Microsoft Visual Studio\2022\Community\VC\Tools\MSVC\14.34.31933\include\__msvc_iter_core.hpp
  Note: including file:         C:\Program Files\Microsoft Visual Studio\2022\Community\VC\Tools\MSVC\14.34.31933\include\utility
  Note: including file:          C:\Program Files\Microsoft Visual Studio\2022\Community\VC\Tools\MSVC\14.34.31933\include\type_traits
  Note: including file:           C:\Program Files\Microsoft Visual Studio\2022\Community\VC\Tools\MSVC\14.34.31933\include\cstdint
  Note: including file:            C:\Program Files\Microsoft Visual Studio\2022\Community\VC\Tools\MSVC\14.34.31933\include\stdint.h
  Note: including file:      C:\Program Files\Microsoft Visual Studio\2022\Community\VC\Tools\MSVC\14.34.31933\include\streambuf
  Note: including file:       C:\Program Files\Microsoft Visual Studio\2022\Community\VC\Tools\MSVC\14.34.31933\include\xiosbase
  Note: including file:        C:\Program Files (x86)\Windows Kits\10\Include\10.0.22000.0\ucrt\share.h
  Note: including file:        C:\Program Files\Microsoft Visual Studio\2022\Community\VC\Tools\MSVC\14.34.31933\include\system_error
  Note: including file:         C:\Program Files\Microsoft Visual Studio\2022\Community\VC\Tools\MSVC\14.34.31933\include\__msvc_system_error_abi.hpp
  Note: including file:         C:\Program Files\Microsoft Visual Studio\2022\Community\VC\Tools\MSVC\14.34.31933\include\cerrno
  Note: including file:         C:\Program Files\Microsoft Visual Studio\2022\Community\VC\Tools\MSVC\14.34.31933\include\stdexcept
  Note: including file:          C:\Program Files\Microsoft Visual Studio\2022\Community\VC\Tools\MSVC\14.34.31933\include\exception
  Note: including file:           C:\Program Files (x86)\Windows Kits\10\Include\10.0.22000.0\ucrt\malloc.h
  Note: including file:           C:\Program Files\Microsoft Visual Studio\2022\Community\VC\Tools\MSVC\14.34.31933\include\vcruntime_exception.h
  Note: including file:            C:\Program Files\Microsoft Visual Studio\2022\Community\VC\Tools\MSVC\14.34.31933\include\eh.h
  Note: including file:             C:\Program Files (x86)\Windows Kits\10\Include\10.0.22000.0\ucrt\corecrt_terminate.h
  Note: including file:          C:\Program Files\Microsoft Visual Studio\2022\Community\VC\Tools\MSVC\14.34.31933\include\xstring
  Note: including file:           C:\Program Files\Microsoft Visual Studio\2022\Community\VC\Tools\MSVC\14.34.31933\include\xmemory
  Note: including file:            C:\Program Files\Microsoft Visual Studio\2022\Community\VC\Tools\MSVC\14.34.31933\include\limits
  Note: including file:             C:\Program Files\Microsoft Visual Studio\2022\Community\VC\Tools\MSVC\14.34.31933\include\cfloat
  Note: including file:              C:\Program Files (x86)\Windows Kits\10\Include\10.0.22000.0\ucrt\float.h
  Note: including file:             C:\Program Files\Microsoft Visual Studio\2022\Community\VC\Tools\MSVC\14.34.31933\include\isa_availability.h
  Note: including file:            C:\Program Files\Microsoft Visual Studio\2022\Community\VC\Tools\MSVC\14.34.31933\include\new
  Note: including file:            C:\Program Files\Microsoft Visual Studio\2022\Community\VC\Tools\MSVC\14.34.31933\include\xatomic.h
  Note: including file:         C:\Program Files\Microsoft Visual Studio\2022\Community\VC\Tools\MSVC\14.34.31933\include\xcall_once.h
  Note: including file:         C:\Program Files\Microsoft Visual Studio\2022\Community\VC\Tools\MSVC\14.34.31933\include\xerrc.h
  Note: including file:         C:\Program Files\Microsoft Visual Studio\2022\Community\VC\Tools\MSVC\14.34.31933\include\atomic
  Note: including file:          C:\Program Files\Microsoft Visual Studio\2022\Community\VC\Tools\MSVC\14.34.31933\include\xthreads.h
  Note: including file:           C:\Program Files\Microsoft Visual Studio\2022\Community\VC\Tools\MSVC\14.34.31933\include\xtimec.h
  Note: including file:            C:\Program Files\Microsoft Visual Studio\2022\Community\VC\Tools\MSVC\14.34.31933\include\ctime
  Note: including file:             C:\Program Files (x86)\Windows Kits\10\Include\10.0.22000.0\ucrt\time.h
  Note: including file:        C:\Program Files\Microsoft Visual Studio\2022\Community\VC\Tools\MSVC\14.34.31933\include\xlocale
  Note: including file:         C:\Program Files\Microsoft Visual Studio\2022\Community\VC\Tools\MSVC\14.34.31933\include\memory
  Note: including file:          C:\Program Files\Microsoft Visual Studio\2022\Community\VC\Tools\MSVC\14.34.31933\include\typeinfo
  Note: including file:           C:\Program Files\Microsoft Visual Studio\2022\Community\VC\Tools\MSVC\14.34.31933\include\vcruntime_typeinfo.h
  Note: including file:         C:\Program Files\Microsoft Visual Studio\2022\Community\VC\Tools\MSVC\14.34.31933\include\xfacet
  Note: including file:         C:\Program Files\Microsoft Visual Studio\2022\Community\VC\Tools\MSVC\14.34.31933\include\xlocinfo
  Note: including file:          C:\Program Files\Microsoft Visual Studio\2022\Community\VC\Tools\MSVC\14.34.31933\include\__msvc_xlocinfo_types.hpp
  Note: including file:          C:\Program Files\Microsoft Visual Studio\2022\Community\VC\Tools\MSVC\14.34.31933\include\cctype
  Note: including file:           C:\Program Files (x86)\Windows Kits\10\Include\10.0.22000.0\ucrt\ctype.h
  Note: including file:          C:\Program Files\Microsoft Visual Studio\2022\Community\VC\Tools\MSVC\14.34.31933\include\clocale
  Note: including file:           C:\Program Files (x86)\Windows Kits\10\Include\10.0.22000.0\ucrt\locale.h
  Note: including file: C:\Users\tingy\Desktop\Programming\OpenGL\OpenGL_Startup\OpenGL_Startup\OpenGL_Startup\OpenGL_Startup\GameManager.h
  Note: including file:  C:\Users\tingy\Desktop\Programming\OpenGL\OpenGL_Startup\OpenGL_Startup\OpenGL_Startup\OpenGL_Startup\imgui/imgui.h
  Note: including file:   C:\Users\tingy\Desktop\Programming\OpenGL\OpenGL_Startup\OpenGL_Startup\OpenGL_Startup\OpenGL_Startup\imgui\imconfig.h
  Note: including file:   C:\Program Files\Microsoft Visual Studio\2022\Community\VC\Tools\MSVC\14.34.31933\include\stdarg.h
  Note: including file:   C:\Program Files (x86)\Windows Kits\10\Include\10.0.22000.0\ucrt\assert.h
  Note: including file:  C:\Users\tingy\Desktop\Programming\OpenGL\OpenGL_Startup\OpenGL_Startup\OpenGL_Startup\OpenGL_Startup\imgui/imgui_impl_glfw.h
  Note: including file:  C:\Users\tingy\Desktop\Programming\OpenGL\OpenGL_Startup\OpenGL_Startup\OpenGL_Startup\OpenGL_Startup\imgui/imgui_impl_opengl3.h
  Note: including file:  C:\Users\tingy\Desktop\Programming\OpenGL\OpenGL_Startup\OpenGL_Startup\OpenGL_Startup\include\glad/glad.h
  Note: including file:   C:\Users\tingy\Desktop\Programming\OpenGL\OpenGL_Startup\OpenGL_Startup\OpenGL_Startup\include\KHR/khrplatform.h
  Note: including file:  C:\Users\tingy\Desktop\Programming\OpenGL\OpenGL_Startup\OpenGL_Startup\OpenGL_Startup\OpenGL_Startup\SceneStack.h
  Note: including file:   C:\Program Files\Microsoft Visual Studio\2022\Community\VC\Tools\MSVC\14.34.31933\include\functional
  Note: including file:    C:\Program Files\Microsoft Visual Studio\2022\Community\VC\Tools\MSVC\14.34.31933\include\tuple
  Note: including file:   C:\Program Files\Microsoft Visual Studio\2022\Community\VC\Tools\MSVC\14.34.31933\include\map
  Note: including file:    C:\Program Files\Microsoft Visual Studio\2022\Community\VC\Tools\MSVC\14.34.31933\include\xtree
  Note: including file:   C:\Program Files\Microsoft Visual Studio\2022\Community\VC\Tools\MSVC\14.34.31933\include\vector
  Note: including file:   C:\Users\tingy\Desktop\Programming\OpenGL\OpenGL_Startup\OpenGL_Startup\OpenGL_Startup\OpenGL_Startup\Scene.h
  Note: including file:    C:\Users\tingy\Desktop\Programming\OpenGL\OpenGL_Startup\OpenGL_Startup\OpenGL_Startup\OpenGL_Startup\GameSetting.h
  Note: including file:     C:\Users\tingy\Desktop\Programming\OpenGL\OpenGL_Startup\OpenGL_Startup\OpenGL_Startup\include\GLFW/glfw3.h
  Note: including file:     C:\Users\tingy\Desktop\Programming\OpenGL\OpenGL_Startup\OpenGL_Startup\OpenGL_Startup\OpenGL_Startup\Renderer.h
  Note: including file:  C:\Users\tingy\Desktop\Programming\OpenGL\OpenGL_Startup\OpenGL_Startup\OpenGL_Startup\OpenGL_Startup\SimpleScene.h
  Generating Code...
  OpenGL_Startup.vcxproj -> C:\Users\tingy\Desktop\Programming\OpenGL\OpenGL_Startup\OpenGL_Startup\OpenGL_Startup\x64\Debug\OpenGL_Startup.exe
